{
  "RSpec": {
    "coverage": {
      "/Users/leannehardesty/nameofapp/app/controllers/application_controller.rb": [
        1,
        null,
        null,
        1,
        null,
        null,
        null,
        null,
        1,
        1,
        null,
        null,
        null
      ],
      "/Users/leannehardesty/nameofapp/app/controllers/comments_controller.rb": [
        1,
        null,
        null,
        1,
        null,
        null,
        1,
        null,
        null,
        null,
        1,
        null,
        null,
        null,
        1,
        null,
        null,
        1,
        null,
        null,
        null,
        1,
        2,
        2,
        2,
        null,
        2,
        2,
        0,
        0,
        0,
        null,
        4,
        2,
        null,
        null,
        null,
        null,
        null,
        1,
        1,
        1,
        1,
        1,
        null,
        null,
        null,
        1,
        1,
        0,
        null,
        null,
        null,
        1,
        2,
        null,
        null,
        null,
        null,
        null,
        null,
        null
      ],
      "/Users/leannehardesty/nameofapp/app/controllers/orders_controller.rb": [
        null,
        1,
        null,
        null,
        null,
        1,
        1,
        1,
        null,
        null,
        1,
        2,
        2,
        null,
        null,
        1,
        1,
        1,
        null,
        null,
        1,
        null,
        null,
        1,
        null,
        null,
        1,
        null,
        null,
        1,
        1,
        1,
        null,
        null,
        1,
        1,
        null,
        null,
        1,
        null,
        1,
        5,
        null,
        null,
        1,
        null,
        1,
        1,
        null,
        null,
        null,
        null,
        null
      ],
      "/Users/leannehardesty/nameofapp/app/controllers/payments_controller.rb": [
        1,
        null,
        null,
        null,
        1,
        null,
        null,
        1,
        null,
        null,
        1,
        null,
        null,
        1,
        null,
        null,
        null,
        1,
        0,
        0,
        0,
        0,
        null,
        0,
        0,
        null,
        null,
        null,
        null,
        null,
        null,
        null,
        null,
        0,
        0,
        null,
        null,
        null,
        null,
        null,
        0,
        null,
        null,
        null,
        null,
        null,
        null,
        null,
        null,
        0,
        0,
        0,
        null,
        null,
        null,
        null,
        1,
        null,
        null,
        1,
        null,
        null
      ],
      "/Users/leannehardesty/nameofapp/app/controllers/products_controller.rb": [
        1,
        1,
        1,
        null,
        null,
        null,
        null,
        null,
        null,
        null,
        1,
        2,
        0,
        null,
        0,
        0,
        null,
        0,
        null,
        null,
        null,
        2,
        null,
        2,
        null,
        null,
        null,
        null,
        null,
        null,
        null,
        1,
        5,
        null,
        null,
        null,
        1,
        1,
        null,
        null,
        null,
        1,
        null,
        null,
        null,
        null,
        1,
        2,
        null,
        2,
        2,
        null,
        null,
        4,
        2,
        null,
        0,
        0,
        null,
        null,
        null,
        null,
        null,
        null,
        1,
        0,
        0,
        0,
        0,
        null,
        0,
        0,
        null,
        null,
        null,
        null,
        null,
        null,
        1,
        1,
        1,
        2,
        1,
        null,
        null,
        null,
        1,
        null,
        1,
        9,
        null,
        null,
        null,
        1,
        2,
        null,
        null,
        null,
        null,
        null,
        null,
        null,
        null,
        null,
        null,
        null,
        null,
        null,
        null,
        null,
        null,
        null,
        null
      ],
      "/Users/leannehardesty/nameofapp/app/controllers/static_pages_controller.rb": [
        1,
        null,
        null,
        1,
        null,
        null,
        0,
        null,
        null,
        null,
        null,
        null,
        null,
        null,
        null,
        null,
        null,
        null,
        null,
        1,
        0,
        0,
        0,
        0,
        null,
        null,
        null,
        null,
        null,
        null,
        null,
        null,
        null,
        null,
        null,
        null
      ],
      "/Users/leannehardesty/nameofapp/app/controllers/user_registrations_controller.rb": [
        null,
        null,
        1,
        1,
        0,
        0,
        0,
        null,
        null,
        null,
        null
      ],
      "/Users/leannehardesty/nameofapp/app/controllers/users_controller.rb": [
        1,
        1,
        null,
        1,
        1,
        null,
        null,
        null,
        null,
        null,
        1,
        2,
        null,
        null,
        null,
        null,
        1,
        null,
        null,
        null,
        1,
        null,
        null,
        null,
        null,
        1,
        null,
        null,
        null,
        null,
        1,
        0,
        null,
        0,
        0,
        0,
        0,
        null,
        0,
        0,
        null,
        null,
        null,
        null,
        null,
        null,
        1,
        0,
        0,
        0,
        0,
        null,
        0,
        0,
        null,
        null,
        null,
        null,
        null,
        null,
        1,
        1,
        1,
        2,
        1,
        null,
        null,
        null,
        1,
        null,
        1,
        5,
        null,
        null,
        null,
        1,
        0,
        null,
        null,
        null,
        null
      ],
      "/Users/leannehardesty/nameofapp/app/models/comment.rb": [
        1,
        1,
        1,
        null,
        1,
        1,
        1,
        1,
        null,
        null,
        null,
        null
      ],
      "/Users/leannehardesty/nameofapp/app/models/order.rb": [
        1,
        1,
        1,
        null,
        null,
        null,
        null
      ],
      "/Users/leannehardesty/nameofapp/app/models/product.rb": [
        null,
        null,
        1,
        1,
        1,
        1,
        null,
        null,
        null,
        1,
        1,
        null,
        null,
        null,
        null,
        null
      ],
      "/Users/leannehardesty/nameofapp/app/models/ability.rb": [
        1,
        1,
        null,
        1,
        6,
        null,
        6,
        1,
        null,
        5,
        null,
        null,
        null,
        null,
        null,
        null,
        null,
        null,
        null,
        null,
        null,
        null,
        null,
        null,
        null,
        null,
        null,
        null,
        null,
        null,
        null,
        null,
        null,
        null,
        null,
        null,
        null,
        null,
        null,
        null,
        null,
        null,
        null,
        null,
        null
      ],
      "/Users/leannehardesty/nameofapp/app/helpers/application_helper.rb": [
        0,
        0
      ],
      "/Users/leannehardesty/nameofapp/app/helpers/comments_helper.rb": [
        0,
        0
      ],
      "/Users/leannehardesty/nameofapp/app/helpers/payments_helper.rb": [
        0,
        0
      ],
      "/Users/leannehardesty/nameofapp/app/helpers/products_helper.rb": [
        0,
        0,
        0,
        0,
        0,
        0,
        0,
        0,
        0,
        0,
        0
      ],
      "/Users/leannehardesty/nameofapp/app/helpers/registrations_new_helper.rb": [
        0,
        0
      ],
      "/Users/leannehardesty/nameofapp/app/helpers/static_pages_helper.rb": [
        0,
        0
      ],
      "/Users/leannehardesty/nameofapp/app/helpers/users_helper.rb": [
        0,
        0
      ],
      "/Users/leannehardesty/nameofapp/app/mailers/application_mailer.rb": [
        0,
        0,
        0,
        0
      ],
      "/Users/leannehardesty/nameofapp/app/mailers/user_mailer.rb": [
        0,
        0,
        0,
        0,
        0,
        0,
        0,
        0,
        0,
        0,
        0,
        0,
        0,
        0,
        0,
        0,
        0,
        0,
        0,
        0,
        0,
        0,
        0,
        0,
        0,
        0,
        0
      ],
      "/Users/leannehardesty/nameofapp/app/models/user.rb": [
        0,
        0,
        0,
        0,
        0,
        0,
        0
      ],
      "/Users/leannehardesty/nameofapp/app/views/user_mailer/user_mailer_preview.rb": [
        0,
        0,
        0,
        0,
        0,
        0,
        0,
        0,
        0,
        0,
        0,
        0,
        0,
        0
      ]
    },
    "timestamp": 1467433802
  }
}
